<?xml version="1.0" encoding="UTF-8"?>
<!-- Generated by org.testng.reporters.JUnitXMLReporter -->
<testsuite ignored="4" hostname="Ahmad" failures="0" tests="1" name="Default test" time="0.086" errors="0" timestamp="2025-03-06T16:40:06 EST">
  <testcase classname="A_Java_Programs_Basics.E_Strings" name="StringContains" time="0.016"/>
  <testcase classname="A_Java_Programs_Basics.E_Strings" name="StringSplitting_A" time="0.0">
    <ignored/>
  </testcase> <!-- StringSplitting_A -->
  <testcase classname="A_Java_Programs_Basics.E_Strings" name="StringsBasicsOne" time="0.0">
    <ignored/>
  </testcase> <!-- StringsBasicsOne -->
  <testcase classname="A_Java_Programs_Basics.E_Strings" name="StrinsSplitting_B" time="0.0">
    <ignored/>
  </testcase> <!-- StrinsSplitting_B -->
  <testcase classname="A_Java_Programs_Basics.E_Strings" name="StringBasicsTwo" time="0.0">
    <ignored/>
  </testcase> <!-- StringBasicsTwo -->
</testsuite> <!-- Default test -->
