<?xml version="1.0" encoding="UTF-8"?>
<testng-results ignored="0" total="1" passed="1" failed="0" skipped="0">
  <reporter-output>
  </reporter-output>
  <suite started-at="2025-01-24T00:56:20 EST" name="Default suite" finished-at="2025-01-24T00:56:20 EST" duration-ms="90">
    <groups>
    </groups>
    <test started-at="2025-01-24T00:56:20 EST" name="Default test" finished-at="2025-01-24T00:56:20 EST" duration-ms="90">
      <class name="ThisKeyword.A_demo">
        <test-method signature="getData()[pri:0, instance:ThisKeyword.A_demo@2f7c2f4f]" started-at="2025-01-24T00:56:20 EST" name="getData" finished-at="2025-01-24T00:56:20 EST" duration-ms="15" status="PASS">
          <reporter-output>
          </reporter-output>
        </test-method> <!-- getData -->
      </class> <!-- ThisKeyword.A_demo -->
    </test> <!-- Default test -->
  </suite> <!-- Default suite -->
</testng-results>
