<?xml version="1.0" encoding="UTF-8"?>
<testng-results ignored="0" total="1" passed="1" failed="0" skipped="0">
  <reporter-output>
  </reporter-output>
  <suite started-at="2025-08-12T00:26:47 EDT" name="Default suite" finished-at="2025-08-12T00:26:47 EDT" duration-ms="43">
    <groups>
    </groups>
    <test started-at="2025-08-12T00:26:47 EDT" name="Default test" finished-at="2025-08-12T00:26:47 EDT" duration-ms="43">
      <class name="SuperKeyword.C_Question">
        <test-method signature="testRun()[pri:0, instance:SuperKeyword.C_Question@ef9296d]" started-at="2025-08-12T00:26:47 EDT" name="testRun" finished-at="2025-08-12T00:26:47 EDT" duration-ms="6" status="PASS">
          <reporter-output>
          </reporter-output>
        </test-method> <!-- testRun -->
      </class> <!-- SuperKeyword.C_Question -->
    </test> <!-- Default test -->
  </suite> <!-- Default suite -->
</testng-results>
