<?xml version="1.0" encoding="UTF-8"?>
<!-- Generated by org.testng.reporters.JUnitReportReporter -->
<testsuite hostname="Ahmad" failures="0" tests="2" name="InheritanceToRemoveBoilerPlateCodeWithTestNgAnnotation.ps2" time="0.008" errors="0" timestamp="2025-08-10T23:30:38 EDT" skipped="0">
  <testcase classname="InheritanceToRemoveBoilerPlateCodeWithTestNgAnnotation.ps2" name="gladiator" time="0.008"/>
  <system-out/>
  <testcase classname="InheritanceToRemoveBoilerPlateCodeWithTestNgAnnotation.ps2" name="testRun" time="0.000"/>
  <system-out/>
</testsuite> <!-- InheritanceToRemoveBoilerPlateCodeWithTestNgAnnotation.ps2 -->
