<?xml version="1.0" encoding="UTF-8"?>
<!-- Generated by org.testng.reporters.JUnitReportReporter -->
<testsuite hostname="Ahmad" failures="0" tests="4" name="A_Java_Programs_Basics.E_Strings" time="0.009" errors="0" timestamp="2025-01-18T21:50:40 EST" skipped="3">
  <testcase classname="A_Java_Programs_Basics.E_Strings" name="StringSplitting_A" time="0.009"/>
  <system-out/>
  <testcase classname="A_Java_Programs_Basics.E_Strings" name="StringsBasicsOne">
    <skipped/>
  </testcase> <!-- StringsBasicsOne -->
  <system-out/>
  <testcase classname="A_Java_Programs_Basics.E_Strings" name="StrinsSplitting_B">
    <skipped/>
  </testcase> <!-- StrinsSplitting_B -->
  <system-out/>
  <testcase classname="A_Java_Programs_Basics.E_Strings" name="StringBasicsTwo">
    <skipped/>
  </testcase> <!-- StringBasicsTwo -->
  <system-out/>
</testsuite> <!-- A_Java_Programs_Basics.E_Strings -->
