<?xml version="1.0" encoding="UTF-8"?>
<!-- Generated by org.testng.reporters.JUnitReportReporter -->
<testsuite hostname="Ahmad" failures="0" tests="5" name="A_Java_Programs_Basics.E_Strings" time="0.016" errors="0" timestamp="2025-03-06T16:40:07 EST" skipped="4">
  <testcase classname="A_Java_Programs_Basics.E_Strings" name="StringContains" time="0.016"/>
  <system-out/>
  <testcase classname="A_Java_Programs_Basics.E_Strings" name="StringSplitting_A">
    <skipped/>
  </testcase> <!-- StringSplitting_A -->
  <system-out/>
  <testcase classname="A_Java_Programs_Basics.E_Strings" name="StringsBasicsOne">
    <skipped/>
  </testcase> <!-- StringsBasicsOne -->
  <system-out/>
  <testcase classname="A_Java_Programs_Basics.E_Strings" name="StrinsSplitting_B">
    <skipped/>
  </testcase> <!-- StrinsSplitting_B -->
  <system-out/>
  <testcase classname="A_Java_Programs_Basics.E_Strings" name="StringBasicsTwo">
    <skipped/>
  </testcase> <!-- StringBasicsTwo -->
  <system-out/>
</testsuite> <!-- A_Java_Programs_Basics.E_Strings -->
