<?xml version="1.0" encoding="UTF-8"?>
<!-- Generated by org.testng.reporters.JUnitReportReporter -->
<testsuite hostname="Ahmad" failures="0" tests="2" name="InheritanceToRemoveBoilerPlateCodeWithTestNgAnnotation.ZcorrectedChild" time="0.011" errors="0" timestamp="2025-08-11T00:22:51 EDT" skipped="0">
  <testcase classname="InheritanceToRemoveBoilerPlateCodeWithTestNgAnnotation.ZcorrectedChild" name="gladiator" time="0.009"/>
  <system-out/>
  <testcase classname="InheritanceToRemoveBoilerPlateCodeWithTestNgAnnotation.ZcorrectedChild" name="testRun" time="0.002"/>
  <system-out/>
</testsuite> <!-- InheritanceToRemoveBoilerPlateCodeWithTestNgAnnotation.ZcorrectedChild -->
