<?xml version="1.0" encoding="UTF-8"?>
<!-- Generated by org.testng.reporters.JUnitReportReporter -->
<testsuite hostname="Ahmad" failures="0" tests="4" name="A_Java_Programs_Basics.F_stringInReverse" time="0.008" errors="0" timestamp="2025-01-19T01:58:20 EST" skipped="3">
  <testcase classname="A_Java_Programs_Basics.F_stringInReverse" name="explainB" time="0.008"/>
  <system-out/>
  <testcase classname="A_Java_Programs_Basics.F_stringInReverse" name="reveseA">
    <skipped/>
  </testcase> <!-- reveseA -->
  <system-out/>
  <testcase classname="A_Java_Programs_Basics.F_stringInReverse" name="reveseB">
    <skipped/>
  </testcase> <!-- reveseB -->
  <system-out/>
  <testcase classname="A_Java_Programs_Basics.F_stringInReverse" name="explain">
    <skipped/>
  </testcase> <!-- explain -->
  <system-out/>
</testsuite> <!-- A_Java_Programs_Basics.F_stringInReverse -->
