<?xml version="1.0" encoding="UTF-8"?>
<!-- Generated by org.testng.reporters.JUnitReportReporter -->
<testsuite hostname="Ahmad" failures="0" tests="2" name="Z_brainstorming.b" time="0.016" errors="0" timestamp="2025-03-05T13:32:51 EST" skipped="1">
  <testcase classname="Z_brainstorming.b" name="practice" time="0.016"/>
  <system-out/>
  <testcase classname="Z_brainstorming.b" name="explainB">
    <skipped/>
  </testcase> <!-- explainB -->
  <system-out/>
</testsuite> <!-- Z_brainstorming.b -->
