<?xml version="1.0" encoding="UTF-8"?>
<!-- Generated by org.testng.reporters.JUnitReportReporter -->
<testsuite hostname="Ahmad" failures="0" tests="11" name="Z_brainstorming.programmingTest" time="0.017" errors="1" timestamp="2025-02-23T15:01:52 EST" skipped="10">
  <testcase classname="Z_brainstorming.programmingTest" name="practice11" time="0.017">
    <error message="Index 4 out of bounds for length 0" type="java.lang.IndexOutOfBoundsException">
      <![CDATA[java.lang.IndexOutOfBoundsException: Index 4 out of bounds for length 0
at java.base/jdk.internal.util.Preconditions.outOfBounds(Preconditions.java:64)
at java.base/jdk.internal.util.Preconditions.outOfBoundsCheckIndex(Preconditions.java:70)
at java.base/jdk.internal.util.Preconditions.checkIndex(Preconditions.java:266)
at java.base/java.util.Objects.checkIndex(Objects.java:359)
at java.base/java.util.ArrayList.get(ArrayList.java:427)
at Z_brainstorming.programmingTest.practice11(programmingTest.java:27)
at java.base/jdk.internal.reflect.NativeMethodAccessorImpl.invoke0(Native Method)
at java.base/jdk.internal.reflect.NativeMethodAccessorImpl.invoke(NativeMethodAccessorImpl.java:77)
at java.base/jdk.internal.reflect.DelegatingMethodAccessorImpl.invoke(DelegatingMethodAccessorImpl.java:43)
at java.base/java.lang.reflect.Method.invoke(Method.java:568)
at org.testng.internal.MethodInvocationHelper.invokeMethod(MethodInvocationHelper.java:133)
at org.testng.internal.TestInvoker.invokeMethod(TestInvoker.java:598)
at org.testng.internal.TestInvoker.invokeTestMethod(TestInvoker.java:173)
at org.testng.internal.MethodRunner.runInSequence(MethodRunner.java:46)
at org.testng.internal.TestInvoker$MethodInvocationAgent.invoke(TestInvoker.java:824)
at org.testng.internal.TestInvoker.invokeTestMethods(TestInvoker.java:146)
at org.testng.internal.TestMethodWorker.invokeTestMethods(TestMethodWorker.java:146)
at org.testng.internal.TestMethodWorker.run(TestMethodWorker.java:128)
at java.base/java.util.ArrayList.forEach(ArrayList.java:1511)
at org.testng.TestRunner.privateRun(TestRunner.java:794)
at org.testng.TestRunner.run(TestRunner.java:596)
at org.testng.SuiteRunner.runTest(SuiteRunner.java:377)
at org.testng.SuiteRunner.runSequentially(SuiteRunner.java:371)
at org.testng.SuiteRunner.privateRun(SuiteRunner.java:332)
at org.testng.SuiteRunner.run(SuiteRunner.java:276)
at org.testng.SuiteRunnerWorker.runSuite(SuiteRunnerWorker.java:53)
at org.testng.SuiteRunnerWorker.run(SuiteRunnerWorker.java:96)
at org.testng.TestNG.runSuitesSequentially(TestNG.java:1212)
at org.testng.TestNG.runSuitesLocally(TestNG.java:1134)
at org.testng.TestNG.runSuites(TestNG.java:1063)
at org.testng.TestNG.run(TestNG.java:1031)
at org.testng.remote.AbstractRemoteTestNG.run(AbstractRemoteTestNG.java:115)
at org.testng.remote.RemoteTestNG.initAndRun(RemoteTestNG.java:293)
at org.testng.remote.RemoteTestNG.main(RemoteTestNG.java:91)
]]>
    </error>
  </testcase> <!-- practice11 -->
  <system-out/>
  <testcase classname="Z_brainstorming.programmingTest" name="practice9">
    <skipped/>
  </testcase> <!-- practice9 -->
  <system-out/>
  <testcase classname="Z_brainstorming.programmingTest" name="practice8">
    <skipped/>
  </testcase> <!-- practice8 -->
  <system-out/>
  <testcase classname="Z_brainstorming.programmingTest" name="practice7">
    <skipped/>
  </testcase> <!-- practice7 -->
  <system-out/>
  <testcase classname="Z_brainstorming.programmingTest" name="practice6">
    <skipped/>
  </testcase> <!-- practice6 -->
  <system-out/>
  <testcase classname="Z_brainstorming.programmingTest" name="pratcie5">
    <skipped/>
  </testcase> <!-- pratcie5 -->
  <system-out/>
  <testcase classname="Z_brainstorming.programmingTest" name="practice4">
    <skipped/>
  </testcase> <!-- practice4 -->
  <system-out/>
  <testcase classname="Z_brainstorming.programmingTest" name="practice3">
    <skipped/>
  </testcase> <!-- practice3 -->
  <system-out/>
  <testcase classname="Z_brainstorming.programmingTest" name="practice2">
    <skipped/>
  </testcase> <!-- practice2 -->
  <system-out/>
  <testcase classname="Z_brainstorming.programmingTest" name="practice1">
    <skipped/>
  </testcase> <!-- practice1 -->
  <system-out/>
  <testcase classname="Z_brainstorming.programmingTest" name="practice10">
    <skipped/>
  </testcase> <!-- practice10 -->
  <system-out/>
</testsuite> <!-- Z_brainstorming.programmingTest -->
